{
  "RSpec": {
    "coverage": {
      "/Users/johnkeith/Dev/LaunchAcademy/fizz_buzz/app/models/user.rb": [
        1,
        1,
        1,
        1,
        null,
        null,
        1,
        null,
        1,
        1,
        null,
        1,
        21,
        null,
        null
      ],
      "/Users/johnkeith/Dev/LaunchAcademy/fizz_buzz/app/uploaders/profile_photo_uploader.rb": [
        null,
        null,
        1,
        1,
        0,
        null,
        1,
        null,
        null,
        1,
        4,
        null,
        null,
        1,
        7,
        null,
        null
      ],
      "/Users/johnkeith/Dev/LaunchAcademy/fizz_buzz/app/helpers/application_helper.rb": [
        1,
        null
      ],
      "/Users/johnkeith/Dev/LaunchAcademy/fizz_buzz/app/models/brewery.rb": [
        1,
        1,
        1,
        1,
        1,
        1,
        1,
        1,
        null,
        1,
        3,
        null,
        null,
        null
      ],
      "/Users/johnkeith/Dev/LaunchAcademy/fizz_buzz/app/models/product.rb": [
        1,
        null
      ],
      "/Users/johnkeith/Dev/LaunchAcademy/fizz_buzz/app/models/review.rb": [
        1,
        1,
        1,
        1,
        null,
        1,
        1,
        1,
        null,
        1,
        27,
        null,
        null,
        1,
        26,
        null,
        null,
        1,
        1,
        null,
        null
      ],
      "/Users/johnkeith/Dev/LaunchAcademy/fizz_buzz/app/models/type.rb": [
        1,
        null
      ],
      "/Users/johnkeith/Dev/LaunchAcademy/fizz_buzz/app/models/vote.rb": [
        1,
        1,
        1,
        null,
        1,
        null
      ],
      "/Users/johnkeith/Dev/LaunchAcademy/fizz_buzz/app/controllers/breweries_controller.rb": [
        1,
        null,
        1,
        4,
        3,
        null,
        1,
        null,
        null,
        null,
        1,
        27,
        27,
        27,
        null,
        null,
        1,
        7,
        null,
        null,
        1,
        5,
        5,
        2,
        2,
        null,
        3,
        null,
        null,
        null,
        1,
        null,
        1,
        5,
        null,
        null,
        null,
        1,
        0,
        0,
        null,
        null,
        null,
        null
      ],
      "/Users/johnkeith/Dev/LaunchAcademy/fizz_buzz/app/controllers/application_controller.rb": [
        1,
        null,
        null,
        1,
        null,
        1,
        null,
        1,
        null,
        1,
        23,
        23,
        null,
        null
      ],
      "/Users/johnkeith/Dev/LaunchAcademy/fizz_buzz/app/controllers/reviews_controller.rb": [
        1,
        null,
        1,
        3,
        null,
        3,
        3,
        3,
        3,
        null,
        3,
        2,
        2,
        null,
        2,
        2,
        null,
        1,
        1,
        null,
        null,
        null,
        1,
        1,
        1,
        1,
        1,
        1,
        null,
        0,
        0,
        null,
        null,
        null,
        1,
        2,
        2,
        null,
        null,
        1,
        2,
        2,
        null,
        2,
        1,
        1,
        null,
        1,
        null,
        null,
        null,
        1,
        5,
        null,
        null,
        null
      ],
      "/Users/johnkeith/Dev/LaunchAcademy/fizz_buzz/app/mailers/brewery_mailer.rb": [
        1,
        1,
        null,
        1,
        2,
        null,
        2,
        null,
        null,
        null
      ],
      "/Users/johnkeith/Dev/LaunchAcademy/fizz_buzz/app/controllers/votes_controller.rb": [
        1,
        1,
        4,
        4,
        4,
        null,
        null,
        null,
        null,
        4,
        4,
        0,
        0,
        null,
        0,
        0,
        null,
        null,
        null,
        1,
        4,
        null,
        null
      ],
      "/Users/johnkeith/Dev/LaunchAcademy/fizz_buzz/app/controllers/admin/breweries_controller.rb": [
        1,
        1,
        null,
        1,
        2,
        0,
        null,
        2,
        null,
        null,
        null,
        1,
        6,
        6,
        6,
        null,
        null,
        1,
        1,
        null,
        null,
        1,
        1,
        1,
        1,
        1,
        null,
        0,
        null,
        null,
        null,
        1,
        3,
        null,
        null,
        1,
        3,
        3,
        1,
        1,
        null,
        2,
        null,
        null,
        null,
        1,
        1,
        1,
        1,
        1,
        null,
        0,
        null,
        null,
        null,
        1,
        null,
        1,
        4,
        null,
        null,
        null,
        1,
        21,
        4,
        null,
        null,
        null
      ],
      "/Users/johnkeith/Dev/LaunchAcademy/fizz_buzz/app/controllers/admin/reviews_controller.rb": [
        1,
        1,
        1,
        1,
        1,
        1,
        1,
        null,
        0,
        0,
        null,
        null,
        null,
        1,
        2,
        2,
        null,
        null,
        1,
        2,
        2,
        null,
        2,
        1,
        1,
        null,
        1,
        null,
        null,
        null,
        1,
        null,
        1,
        2,
        null,
        null
      ],
      "/Users/johnkeith/Dev/LaunchAcademy/fizz_buzz/app/controllers/welcome_controller.rb": [
        1,
        1,
        null,
        null
      ]
    },
    "timestamp": 1404324852
  }
}
